<?xml version="1.0" encoding="UTF-8"?>
<!-- Generated by org.testng.reporters.JUnitReportReporter -->
<testsuite hostname="DESKTOP-AB6BR8M" failures="0" tests="3" name="basicsTestNg.Working_With_crossBrowser" time="55.607" errors="0" timestamp="2025-03-02T10:01:29 IST" skipped="0">
  <testcase classname="basicsTestNg.Working_With_crossBrowser" name="crossBrowser" time="21.894"/>
  <system-out/>
  <testcase classname="basicsTestNg.Working_With_crossBrowser" name="crossBrowser" time="17.943"/>
  <system-out/>
  <testcase classname="basicsTestNg.Working_With_crossBrowser" name="crossBrowser" time="15.770"/>
  <system-out/>
</testsuite> <!-- basicsTestNg.Working_With_crossBrowser -->
