<?xml version="1.0" encoding="UTF-8"?>
<!-- Generated by org.testng.reporters.JUnitReportReporter -->
<testsuite hostname="DESKTOP-AB6BR8M" failures="0" tests="1" name="basicsTestNg.Working_With_parameter" time="10.291" errors="0" timestamp="2025-03-02T09:46:11 IST" skipped="0">
  <testcase classname="basicsTestNg.Working_With_parameter" name="parameter" time="10.291"/>
  <system-out/>
</testsuite> <!-- basicsTestNg.Working_With_parameter -->
