<?xml version="1.0" encoding="UTF-8"?>
<!-- Generated by org.testng.reporters.JUnitReportReporter -->
<testsuite hostname="DESKTOP-AB6BR8M" failures="0" tests="3" name="basicsTestNg.Demo" time="0.015" errors="0" timestamp="2025-03-01T09:03:38 IST" skipped="0">
  <testcase classname="basicsTestNg.Demo" name="register" time="0.012"/>
  <system-out/>
  <testcase classname="basicsTestNg.Demo" name="login" time="0.002"/>
  <system-out/>
  <testcase classname="basicsTestNg.Demo" name="delete" time="0.001"/>
  <system-out/>
</testsuite> <!-- basicsTestNg.Demo -->
