<?xml version="1.0" encoding="UTF-8"?>
<!-- Generated by org.testng.reporters.JUnitReportReporter -->
<testsuite hostname="DESKTOP-AB6BR8M" failures="0" tests="5" name="basicsTestNg.Working_With_threadPoolSize" time="66.872" errors="0" timestamp="2025-03-01T10:57:17 IST" skipped="0">
  <testcase classname="basicsTestNg.Working_With_threadPoolSize" name="demo" time="13.495"/>
  <system-out/>
  <testcase classname="basicsTestNg.Working_With_threadPoolSize" name="demo" time="13.234"/>
  <system-out/>
  <testcase classname="basicsTestNg.Working_With_threadPoolSize" name="demo" time="13.628"/>
  <system-out/>
  <testcase classname="basicsTestNg.Working_With_threadPoolSize" name="demo" time="13.103"/>
  <system-out/>
  <testcase classname="basicsTestNg.Working_With_threadPoolSize" name="demo" time="13.412"/>
  <system-out/>
</testsuite> <!-- basicsTestNg.Working_With_threadPoolSize -->
