<?xml version="1.0" encoding="UTF-8"?>
<!-- Generated by org.testng.reporters.JUnitReportReporter -->
<testsuite hostname="DESKTOP-AB6BR8M" failures="0" tests="1" name="basicsTestNg.Working_With_report" time="7.741" errors="0" timestamp="2025-03-01T09:21:36 IST" skipped="0">
  <testcase classname="basicsTestNg.Working_With_report" name="demo" time="7.741"/>
  <system-out>
    <![CDATA[Hi
Hello
Bye]]>
  </system-out>
</testsuite> <!-- basicsTestNg.Working_With_report -->
