<?xml version="1.0" encoding="UTF-8"?>
<!-- Generated by org.testng.reporters.JUnitReportReporter -->
<testsuite hostname="DESKTOP-AB6BR8M" failures="0" tests="7" name="basicsTestNg.Working_With_invocationCount" time="0.019" errors="0" timestamp="2025-03-01T09:08:37 IST" skipped="1">
  <testcase classname="basicsTestNg.Working_With_invocationCount" name="login" time="0.016"/>
  <system-out/>
  <testcase classname="basicsTestNg.Working_With_invocationCount" name="delete" time="0.000"/>
  <system-out/>
  <testcase classname="basicsTestNg.Working_With_invocationCount" name="delete" time="0.001"/>
  <system-out/>
  <testcase classname="basicsTestNg.Working_With_invocationCount" name="delete" time="0.001"/>
  <system-out/>
  <testcase classname="basicsTestNg.Working_With_invocationCount" name="delete" time="0.000"/>
  <system-out/>
  <testcase classname="basicsTestNg.Working_With_invocationCount" name="delete" time="0.001"/>
  <system-out/>
  <testcase classname="basicsTestNg.Working_With_invocationCount" name="register">
    <skipped/>
  </testcase> <!-- register -->
  <system-out/>
</testsuite> <!-- basicsTestNg.Working_With_invocationCount -->
