<?xml version="1.0" encoding="UTF-8"?>
<!-- Generated by org.testng.reporters.JUnitReportReporter -->
<testsuite hostname="DESKTOP-AB6BR8M" failures="0" tests="1" name="basicsTestNg.Working_With_ajio" time="19.403" errors="0" timestamp="2025-03-01T10:38:44 IST" skipped="0">
  <testcase classname="basicsTestNg.Working_With_ajio" name="ajio" time="19.403"/>
  <system-out/>
</testsuite> <!-- basicsTestNg.Working_With_ajio -->
