<?xml version="1.0" encoding="UTF-8"?>
<!-- Generated by org.testng.reporters.JUnitReportReporter -->
<testsuite hostname="DESKTOP-AB6BR8M" failures="0" tests="1" name="basicsTestNg.TestNG" time="0.008" errors="0" timestamp="2025-03-01T08:58:05 IST" skipped="0">
  <testcase classname="basicsTestNg.TestNG" name="demo" time="0.008"/>
  <system-out/>
</testsuite> <!-- basicsTestNg.TestNG -->
