<?xml version="1.0" encoding="UTF-8"?>
<!-- Generated by org.testng.reporters.JUnitReportReporter -->
<testsuite hostname="DESKTOP-AB6BR8M" failures="0" tests="2" name="basicsTestNg.Working_With_groups" time="0.009" errors="0" timestamp="2025-03-02T10:39:09 IST" skipped="0">
  <testcase classname="basicsTestNg.Working_With_groups" name="register" time="0.001"/>
  <system-out/>
  <testcase classname="basicsTestNg.Working_With_groups" name="logOut" time="0.008"/>
  <system-out/>
</testsuite> <!-- basicsTestNg.Working_With_groups -->
