<?xml version="1.0" encoding="UTF-8"?>
<!-- Generated by org.testng.reporters.JUnitReportReporter -->
<testsuite hostname="DESKTOP-AB6BR8M" failures="0" tests="1" name="basicsTestNg.Working_With_facebook" time="19.961" errors="0" timestamp="2025-03-02T09:36:24 IST" skipped="0">
  <testcase classname="basicsTestNg.Working_With_facebook" name="facebook" time="19.961"/>
  <system-out/>
</testsuite> <!-- basicsTestNg.Working_With_facebook -->
